Synced by GitLab on Thu May  8 16:57:07 UTC 2025
Synced by GitLab on Thu May  8 16:58:14 UTC 2025
Synced by GitLab on Thu May  8 18:19:49 UTC 2025
Synced by GitLab on Thu May  8 18:23:58 UTC 2025
Synced by GitLab on Thu May  8 18:27:31 UTC 2025
Synced by GitLab on Thu May  8 18:46:27 UTC 2025
Synced by GitLab on Fri May  9 01:17:47 UTC 2025
Synced by GitLab on Fri May  9 01:23:09 UTC 2025
Synced by GitLab on Fri May  9 01:37:49 UTC 2025
Synced by GitLab on Fri May  9 14:04:10 UTC 2025
Synced by GitLab on Fri May  9 14:17:18 UTC 2025
Synced by GitLab on Fri May  9 19:03:06 UTC 2025
Synced by GitLab on Fri May  9 19:43:25 UTC 2025
Synced by GitLab on Sat May 10 10:54:28 UTC 2025
Synced by GitLab on Sat May 10 20:48:34 UTC 2025
Synced by GitLab on Sun May 11 13:53:22 UTC 2025
Synced by GitLab on Sun May 11 14:24:33 UTC 2025
Synced by GitLab on Sun May 11 21:27:07 UTC 2025
Synced by GitLab on Thu May 15 03:45:09 UTC 2025
Synced by GitLab on Fri May 16 15:53:41 UTC 2025
Synced by GitLab on Fri May 16 16:19:06 UTC 2025
Synced by GitLab on Sun May 18 15:29:36 UTC 2025
Synced by GitLab on Sun May 18 16:14:03 UTC 2025
Synced by GitLab on Sun May 18 20:52:36 UTC 2025
Synced by GitLab on Mon May 19 14:40:44 UTC 2025
Synced by GitLab on Tue May 20 11:50:11 UTC 2025
Synced by GitLab on Wed May 21 17:17:33 UTC 2025
Synced by GitLab on Sun May 25 14:46:22 UTC 2025
Synced by GitLab on Tue May 27 15:01:57 UTC 2025
Synced by GitLab on Tue May 27 18:01:52 UTC 2025
